<?xml version="1.0" encoding="UTF-8"?>
<!-- Generated by org.testng.reporters.JUnitReportReporter -->
<testsuite hostname="Muthulakshmi" failures="0" tests="1" name="test.SampleTestng" time="0.006" errors="0" timestamp="2023-07-25T10:33:49 IST" skipped="0">
  <testcase classname="test.SampleTestng" name="tc2" time="0.006"/>
  <system-out/>
</testsuite> <!-- test.SampleTestng -->
