<?xml version="1.0" encoding="UTF-8"?>
<!-- Generated by org.testng.reporters.JUnitReportReporter -->
<testsuite hostname="Muthulakshmi" failures="0" tests="13" name="test.Client" time="3.168" errors="0" timestamp="2023-07-25T11:24:57 IST" skipped="0">
  <testcase classname="test.Client" name="tc1" time="0.011"/>
  <system-out/>
  <testcase classname="test.Client" name="tc1" time="0.011"/>
  <system-out/>
  <testcase classname="test.Client" name="tc1" time="0.007"/>
  <system-out/>
  <testcase classname="test.Client" name="tc1" time="0.003"/>
  <system-out/>
  <testcase classname="test.Client" name="tc1" time="0.004"/>
  <system-out/>
  <testcase classname="test.Client" name="tc2" time="0.001"/>
  <system-out/>
  <testcase classname="test.Client" name="tc1" time="0.011"/>
  <system-out/>
  <testcase classname="test.Client" name="tc4" time="3.099"/>
  <system-out/>
  <testcase classname="test.Client" name="tc1" time="0.001"/>
  <system-out/>
  <testcase classname="test.Client" name="tc3" time="0.001"/>
  <system-out/>
  <testcase classname="test.Client" name="tc1" time="0.003"/>
  <system-out/>
  <testcase classname="test.Client" name="tc1" time="0.011"/>
  <system-out/>
  <testcase classname="test.Client" name="tc1" time="0.005"/>
  <system-out/>
</testsuite> <!-- test.Client -->
