<?xml version="1.0" encoding="UTF-8"?>
<!-- Generated by org.testng.reporters.JUnitReportReporter -->
<testsuite hostname="Muthulakshmi" failures="0" tests="2" name="com.demo1.Softassert1" time="8.279" errors="0" timestamp="2023-07-25T10:51:07 IST" skipped="0">
  <testcase classname="com.demo1.Softassert1" name="tc2" time="3.567"/>
  <system-out/>
  <testcase classname="com.demo1.Softassert1" name="tc1" time="4.712"/>
  <system-out/>
</testsuite> <!-- com.demo1.Softassert1 -->
