<?xml version="1.0" encoding="UTF-8"?>
<!-- Generated by org.testng.reporters.JUnitReportReporter -->
<testsuite hostname="Muthulakshmi26" failures="0" tests="1" name="com.demo1.TestRunnerclass" time="0.082" errors="0" timestamp="2023-11-08T13:52:58 IST" skipped="0">
  <testcase classname="com.demo1.TestRunnerclass" name="runScenario" time="0.082"/>
  <system-out/>
</testsuite> <!-- com.demo1.TestRunnerclass -->
