<?xml version="1.0" encoding="UTF-8"?>
<!-- Generated by org.testng.reporters.JUnitReportReporter -->
<testsuite hostname="Muthulakshmi" failures="0" tests="3" name="test.DataProviderDemo" time="12.507" errors="0" timestamp="2023-07-25T11:53:11 IST" skipped="0">
  <testcase classname="test.DataProviderDemo" name="dummy" time="4.341"/>
  <system-out/>
  <testcase classname="test.DataProviderDemo" name="dummy" time="3.527"/>
  <system-out/>
  <testcase classname="test.DataProviderDemo" name="dummy" time="4.639"/>
  <system-out/>
</testsuite> <!-- test.DataProviderDemo -->
